# JRE version: OpenJDK Runtime Environment (17.0.11) (build 17.0.11+0--11852314)
# Java VM: OpenJDK 64-Bit Server VM (17.0.11+0--11852314, mixed mode, tiered, compressed oops, compressed class ptrs, g1 gc, windows-amd64)
GC Precious Log:
 CPUs: 4 total, 4 available
 Memory: 3970M
 Large Page Support: Disabled
 NUMA Support: Disabled
 Compressed Oops: Enabled (32-bit)
 Heap Region Size: 1M
 Heap Min Capacity: 8M
 Heap Initial Capacity: 64M
 Heap Max Capacity: 2G
 Pre-touch: Disabled
 Parallel Workers: 4
 Concurrent Workers: 1
 Concurrent Refinement Workers: 4
 Periodic GC: Disabled
Heap:
 garbage-first heap   total 385024K, used 285012K [0x0000000080000000, 0x0000000100000000)
  region size 1024K, 43 young (44032K), 2 survivors (2048K)
 Metaspace       used 194553K, committed 195584K, reserved 1245184K
  class space    used 24997K, committed 25472K, reserved 1048576K
GC Heap History (20 events):
Event: 193.386 GC heap before
{Heap before GC invocations=80 (full 0):
 garbage-first heap   total 261120K, used 224717K [0x0000000080000000, 0x0000000100000000)
  region size 1024K, 24 young (24576K), 4 survivors (4096K)
 Metaspace       used 153751K, committed 154624K, reserved 1245184K
  class space    used 19752K, committed 20160K, reserved 1048576K
}
Event: 193.401 GC heap after
{Heap after GC invocations=81 (full 0):
 garbage-first heap   total 261120K, used 206258K [0x0000000080000000, 0x0000000100000000)
  region size 1024K, 2 young (2048K), 2 survivors (2048K)
 Metaspace       used 153751K, committed 154624K, reserved 1245184K
  class space    used 19752K, committed 20160K, reserved 1048576K
}
Event: 194.276 GC heap before
{Heap before GC invocations=81 (full 0):
 garbage-first heap   total 261120K, used 225714K [0x0000000080000000, 0x0000000100000000)
  region size 1024K, 21 young (21504K), 2 survivors (2048K)
 Metaspace       used 154151K, committed 154944K, reserved 1245184K
  class space    used 19785K, committed 20160K, reserved 1048576K
}
Event: 194.292 GC heap after
{Heap after GC invocations=82 (full 0):
 garbage-first heap   total 385024K, used 209104K [0x0000000080000000, 0x0000000100000000)
  region size 1024K, 3 young (3072K), 3 survivors (3072K)
 Metaspace       used 154151K, committed 154944K, reserved 1245184K
  class space    used 19785K, committed 20160K, reserved 1048576K
}
Event: 210.678 GC heap before
{Heap before GC invocations=82 (full 0):
 garbage-first heap   total 385024K, used 319696K [0x0000000080000000, 0x0000000100000000)
  region size 1024K, 111 young (113664K), 3 survivors (3072K)
 Metaspace       used 162059K, committed 162944K, reserved 1245184K
  class space    used 20604K, committed 20992K, reserved 1048576K
}
Event: 210.896 GC heap after
{Heap after GC invocations=83 (full 0):
 garbage-first heap   total 385024K, used 215737K [0x0000000080000000, 0x0000000100000000)
  region size 1024K, 10 young (10240K), 10 survivors (10240K)
 Metaspace       used 162059K, committed 162944K, reserved 1245184K
  class space    used 20604K, committed 20992K, reserved 1048576K
}
Event: 239.827 GC heap before
{Heap before GC invocations=83 (full 0):
 garbage-first heap   total 385024K, used 325305K [0x0000000080000000, 0x0000000100000000)
  region size 1024K, 106 young (108544K), 10 survivors (10240K)
 Metaspace       used 169321K, committed 170240K, reserved 1245184K
  class space    used 21783K, committed 22208K, reserved 1048576K
}
Event: 240.101 GC heap after
{Heap after GC invocations=84 (full 0):
 garbage-first heap   total 385024K, used 228431K [0x0000000080000000, 0x0000000100000000)
  region size 1024K, 14 young (14336K), 14 survivors (14336K)
 Metaspace       used 169321K, committed 170240K, reserved 1245184K
  class space    used 21783K, committed 22208K, reserved 1048576K
}
Event: 248.910 GC heap before
{Heap before GC invocations=84 (full 0):
 garbage-first heap   total 385024K, used 286799K [0x0000000080000000, 0x0000000100000000)
  region size 1024K, 67 young (68608K), 14 survivors (14336K)
 Metaspace       used 175840K, committed 176704K, reserved 1245184K
  class space    used 22597K, committed 22976K, reserved 1048576K
}
Event: 249.106 GC heap after
{Heap after GC invocations=85 (full 0):
 garbage-first heap   total 385024K, used 235095K [0x0000000080000000, 0x0000000100000000)
  region size 1024K, 4 young (4096K), 4 survivors (4096K)
 Metaspace       used 175840K, committed 176704K, reserved 1245184K
  class space    used 22597K, committed 22976K, reserved 1048576K
}
Event: 277.208 GC heap before
{Heap before GC invocations=85 (full 0):
 garbage-first heap   total 385024K, used 325207K [0x0000000080000000, 0x0000000100000000)
  region size 1024K, 92 young (94208K), 4 survivors (4096K)
 Metaspace       used 184347K, committed 185280K, reserved 1245184K
  class space    used 23805K, committed 24192K, reserved 1048576K
}
Event: 277.450 GC heap after
{Heap after GC invocations=86 (full 0):
 garbage-first heap   total 385024K, used 237821K [0x0000000080000000, 0x0000000100000000)
  region size 1024K, 7 young (7168K), 7 survivors (7168K)
 Metaspace       used 184347K, committed 185280K, reserved 1245184K
  class space    used 23805K, committed 24192K, reserved 1048576K
}
Event: 292.852 GC heap before
{Heap before GC invocations=86 (full 0):
 garbage-first heap   total 385024K, used 272637K [0x0000000080000000, 0x0000000100000000)
  region size 1024K, 41 young (41984K), 7 survivors (7168K)
 Metaspace       used 187341K, committed 188288K, reserved 1245184K
  class space    used 24249K, committed 24704K, reserved 1048576K
}
Event: 293.142 GC heap after
{Heap after GC invocations=87 (full 0):
 garbage-first heap   total 385024K, used 239056K [0x0000000080000000, 0x0000000100000000)
  region size 1024K, 2 young (2048K), 2 survivors (2048K)
 Metaspace       used 187341K, committed 188288K, reserved 1245184K
  class space    used 24249K, committed 24704K, reserved 1048576K
}
Event: 305.632 GC heap before
{Heap before GC invocations=87 (full 0):
 garbage-first heap   total 385024K, used 331216K [0x0000000080000000, 0x0000000100000000)
  region size 1024K, 91 young (93184K), 2 survivors (2048K)
 Metaspace       used 188121K, committed 189056K, reserved 1245184K
  class space    used 24329K, committed 24768K, reserved 1048576K
}
Event: 305.747 GC heap after
{Heap after GC invocations=88 (full 0):
 garbage-first heap   total 385024K, used 244037K [0x0000000080000000, 0x0000000100000000)
  region size 1024K, 5 young (5120K), 5 survivors (5120K)
 Metaspace       used 188121K, committed 189056K, reserved 1245184K
  class space    used 24329K, committed 24768K, reserved 1048576K
}
Event: 307.766 GC heap before
{Heap before GC invocations=88 (full 0):
 garbage-first heap   total 385024K, used 330053K [0x0000000080000000, 0x0000000100000000)
  region size 1024K, 89 young (91136K), 5 survivors (5120K)
 Metaspace       used 188124K, committed 189056K, reserved 1245184K
  class space    used 24329K, committed 24768K, reserved 1048576K
}
Event: 307.779 GC heap after
{Heap after GC invocations=89 (full 0):
 garbage-first heap   total 385024K, used 244532K [0x0000000080000000, 0x0000000100000000)
  region size 1024K, 5 young (5120K), 5 survivors (5120K)
 Metaspace       used 188124K, committed 189056K, reserved 1245184K
  class space    used 24329K, committed 24768K, reserved 1048576K
}
Event: 331.228 GC heap before
{Heap before GC invocations=89 (full 0):
 garbage-first heap   total 385024K, used 333620K [0x0000000080000000, 0x0000000100000000)
  region size 1024K, 92 young (94208K), 5 survivors (5120K)
 Metaspace       used 188447K, committed 189440K, reserved 1245184K
  class space    used 24368K, committed 24832K, reserved 1048576K
}
Event: 331.383 GC heap after
{Heap after GC invocations=90 (full 0):
 garbage-first heap   total 385024K, used 238932K [0x0000000080000000, 0x0000000100000000)
  region size 1024K, 2 young (2048K), 2 survivors (2048K)
 Metaspace       used 188447K, committed 189440K, reserved 1245184K
  class space    used 24368K, committed 24832K, reserved 1048576K
}

