# JRE version: OpenJDK Runtime Environment (17.0.11) (build 17.0.11+0--11852314)
# Java VM: OpenJDK 64-Bit Server VM (17.0.11+0--11852314, mixed mode, tiered, compressed oops, compressed class ptrs, g1 gc, windows-amd64)
GC Precious Log:
 CPUs: 4 total, 4 available
 Memory: 3970M
 Large Page Support: Disabled
 NUMA Support: Disabled
 Compressed Oops: Enabled (32-bit)
 Heap Region Size: 1M
 Heap Min Capacity: 8M
 Heap Initial Capacity: 64M
 Heap Max Capacity: 994M
 Pre-touch: Disabled
 Parallel Workers: 4
 Concurrent Workers: 1
 Concurrent Refinement Workers: 4
 Periodic GC: Disabled
Heap:
 garbage-first heap   total 39936K, used 20224K [0x00000000c1e00000, 0x0000000100000000)
  region size 1024K, 2 young (2048K), 2 survivors (2048K)
 Metaspace       used 36078K, committed 36288K, reserved 1114112K
  class space    used 4568K, committed 4672K, reserved 1048576K
GC Heap History (19 events):
Event: 1.515 GC heap before
{Heap before GC invocations=0 (full 0):
 garbage-first heap   total 65536K, used 18432K [0x00000000c1e00000, 0x0000000100000000)
  region size 1024K, 13 young (13312K), 0 survivors (0K)
 Metaspace       used 10520K, committed 10752K, reserved 1114112K
  class space    used 909K, committed 1024K, reserved 1048576K
}
Event: 1.525 GC heap after
{Heap after GC invocations=1 (full 0):
 garbage-first heap   total 65536K, used 6227K [0x00000000c1e00000, 0x0000000100000000)
  region size 1024K, 2 young (2048K), 2 survivors (2048K)
 Metaspace       used 10520K, committed 10752K, reserved 1114112K
  class space    used 909K, committed 1024K, reserved 1048576K
}
Event: 3.034 GC heap before
{Heap before GC invocations=1 (full 0):
 garbage-first heap   total 65536K, used 23635K [0x00000000c1e00000, 0x0000000100000000)
  region size 1024K, 19 young (19456K), 2 survivors (2048K)
 Metaspace       used 14717K, committed 14912K, reserved 1114112K
  class space    used 1459K, committed 1536K, reserved 1048576K
}
Event: 3.042 GC heap after
{Heap after GC invocations=2 (full 0):
 garbage-first heap   total 65536K, used 7889K [0x00000000c1e00000, 0x0000000100000000)
  region size 1024K, 2 young (2048K), 2 survivors (2048K)
 Metaspace       used 14717K, committed 14912K, reserved 1114112K
  class space    used 1459K, committed 1536K, reserved 1048576K
}
Event: 4.794 GC heap before
{Heap before GC invocations=2 (full 0):
 garbage-first heap   total 65536K, used 31441K [0x00000000c1e00000, 0x0000000100000000)
  region size 1024K, 26 young (26624K), 2 survivors (2048K)
 Metaspace       used 21342K, committed 21504K, reserved 1114112K
  class space    used 2322K, committed 2432K, reserved 1048576K
}
Event: 4.807 GC heap after
{Heap after GC invocations=3 (full 0):
 garbage-first heap   total 65536K, used 10200K [0x00000000c1e00000, 0x0000000100000000)
  region size 1024K, 4 young (4096K), 4 survivors (4096K)
 Metaspace       used 21342K, committed 21504K, reserved 1114112K
  class space    used 2322K, committed 2432K, reserved 1048576K
}
Event: 6.396 GC heap before
{Heap before GC invocations=4 (full 0):
 garbage-first heap   total 37888K, used 29656K [0x00000000c1e00000, 0x0000000100000000)
  region size 1024K, 24 young (24576K), 4 survivors (4096K)
 Metaspace       used 27842K, committed 28032K, reserved 1114112K
  class space    used 3280K, committed 3328K, reserved 1048576K
}
Event: 6.409 GC heap after
{Heap after GC invocations=5 (full 0):
 garbage-first heap   total 37888K, used 11508K [0x00000000c1e00000, 0x0000000100000000)
  region size 1024K, 4 young (4096K), 4 survivors (4096K)
 Metaspace       used 27842K, committed 28032K, reserved 1114112K
  class space    used 3280K, committed 3328K, reserved 1048576K
}
Event: 7.614 GC heap before
{Heap before GC invocations=5 (full 0):
 garbage-first heap   total 37888K, used 26868K [0x00000000c1e00000, 0x0000000100000000)
  region size 1024K, 20 young (20480K), 4 survivors (4096K)
 Metaspace       used 29456K, committed 29696K, reserved 1114112K
  class space    used 3621K, committed 3712K, reserved 1048576K
}
Event: 7.631 GC heap after
{Heap after GC invocations=6 (full 0):
 garbage-first heap   total 37888K, used 14924K [0x00000000c1e00000, 0x0000000100000000)
  region size 1024K, 3 young (3072K), 3 survivors (3072K)
 Metaspace       used 29456K, committed 29696K, reserved 1114112K
  class space    used 3621K, committed 3712K, reserved 1048576K
}
Event: 8.138 GC heap before
{Heap before GC invocations=6 (full 0):
 garbage-first heap   total 37888K, used 29260K [0x00000000c1e00000, 0x0000000100000000)
  region size 1024K, 15 young (15360K), 3 survivors (3072K)
 Metaspace       used 30768K, committed 31040K, reserved 1114112K
  class space    used 3959K, committed 4096K, reserved 1048576K
}
Event: 8.154 GC heap after
{Heap after GC invocations=7 (full 0):
 garbage-first heap   total 37888K, used 20072K [0x00000000c1e00000, 0x0000000100000000)
  region size 1024K, 2 young (2048K), 2 survivors (2048K)
 Metaspace       used 30768K, committed 31040K, reserved 1114112K
  class space    used 3959K, committed 4096K, reserved 1048576K
}
Event: 8.512 GC heap before
{Heap before GC invocations=7 (full 0):
 garbage-first heap   total 37888K, used 28264K [0x00000000c1e00000, 0x0000000100000000)
  region size 1024K, 10 young (10240K), 2 survivors (2048K)
 Metaspace       used 33447K, committed 33728K, reserved 1114112K
  class space    used 4270K, committed 4416K, reserved 1048576K
}
Event: 8.522 GC heap after
{Heap after GC invocations=8 (full 0):
 garbage-first heap   total 37888K, used 21129K [0x00000000c1e00000, 0x0000000100000000)
  region size 1024K, 1 young (1024K), 1 survivors (1024K)
 Metaspace       used 33447K, committed 33728K, reserved 1114112K
  class space    used 4270K, committed 4416K, reserved 1048576K
}
Event: 8.875 GC heap before
{Heap before GC invocations=9 (full 0):
 garbage-first heap   total 37888K, used 29321K [0x00000000c1e00000, 0x0000000100000000)
  region size 1024K, 9 young (9216K), 1 survivors (1024K)
 Metaspace       used 34494K, committed 34688K, reserved 1114112K
  class space    used 4389K, committed 4480K, reserved 1048576K
}
Event: 8.879 GC heap after
{Heap after GC invocations=10 (full 0):
 garbage-first heap   total 37888K, used 20243K [0x00000000c1e00000, 0x0000000100000000)
  region size 1024K, 2 young (2048K), 2 survivors (2048K)
 Metaspace       used 34494K, committed 34688K, reserved 1114112K
  class space    used 4389K, committed 4480K, reserved 1048576K
}
Event: 8.906 GC heap before
{Heap before GC invocations=10 (full 0):
 garbage-first heap   total 37888K, used 21267K [0x00000000c1e00000, 0x0000000100000000)
  region size 1024K, 3 young (3072K), 2 survivors (2048K)
 Metaspace       used 34500K, committed 34752K, reserved 1114112K
  class space    used 4389K, committed 4480K, reserved 1048576K
}
Event: 8.912 GC heap after
{Heap after GC invocations=11 (full 0):
 garbage-first heap   total 37888K, used 19181K [0x00000000c1e00000, 0x0000000100000000)
  region size 1024K, 1 young (1024K), 1 survivors (1024K)
 Metaspace       used 34500K, committed 34752K, reserved 1114112K
  class space    used 4389K, committed 4480K, reserved 1048576K
}
Event: 9.185 GC heap before
{Heap before GC invocations=11 (full 0):
 garbage-first heap   total 37888K, used 26349K [0x00000000c1e00000, 0x0000000100000000)
  region size 1024K, 9 young (9216K), 1 survivors (1024K)
 Metaspace       used 36078K, committed 36288K, reserved 1114112K
  class space    used 4568K, committed 4672K, reserved 1048576K
}

